[2026-04-23 14:45] fix: reorder Steps 10-11 so EVOLUTION.log is written before commit
  codemap: N/A (single markdown file)
  source: manual review — Step 10 committed before Step 11 wrote the log, so log entries were never included in the commit they described

[2026-04-23 14:48] upgrade: add README.md with install instructions, usage, and changelog
  codemap: N/A (single markdown file)
  source: GitHub repo had no README — users landing on the page had no idea what the plugin does

[2026-04-23 14:50] upgrade: add batch push (every 20 iterations) and GitHub release on completion
  codemap: N/A (single markdown file)
  source: user feedback — pushing every iteration spams GitHub, batch at 20 with release summary

[2026-04-23 14:52] upgrade: add explicit revert instructions for failed changes
  codemap: N/A (single markdown file)
  source: skill said "revert and retry" without specifying how — ambiguous for the agent

[2026-04-23 14:55] upgrade: add wiki search as research source for AI/ML projects
  codemap: N/A (single markdown file)
  source: user feedback + wiki pages on self-improving loops — scoped to AI/ML only, not general code

[2026-04-23 14:58] upgrade: update flow diagram to match full 12-step workflow
  codemap: N/A (single markdown file)
  source: diagram was stale — missing codemap scan, research, log, push, and release steps

[2026-04-23 14:59] upgrade: add test-suite fallback for projects without tests
  codemap: N/A (single markdown file)
  source: Step 1 assumed all projects have test suites — config/docs/library projects need alternative validation

[2026-04-23 15:02] upgrade: update README with all new features, bump to v2.1.0
  codemap: N/A (single markdown file)
  source: README was stale after 6 iterations of changes — wiki search, batch push, test fallback all missing
[2026-04-23 14:53] upgrade: merge log+commit into single Bash call, renumber to 11 steps
  source: user feedback — separate Edit for EVOLUTION.log required unnecessary approval

